<?xml version="1.0" encoding="UTF-8"?>
<testsuite name="GetHomeSectionsUseCase" tests="4" skipped="0" failures="0" errors="0" timestamp="2026-03-01T22:58:16" hostname="Solimans-MacBook-Pro.local" time="0.02">
  <properties/>
  <testcase name="returns empty list wrapped in Result.success when repository has no sections" classname="com.podcast.app.domain.usecase.GetHomeSectionsUseCaseTest" time="0.016"/>
  <testcase name="propagates Result.failure from the repository unchanged" classname="com.podcast.app.domain.usecase.GetHomeSectionsUseCaseTest" time="0.001"/>
  <testcase name="delegates to the repository exactly once per invocation" classname="com.podcast.app.domain.usecase.GetHomeSectionsUseCaseTest" time="0.001"/>
  <testcase name="returns sections wrapped in Result.success from the repository" classname="com.podcast.app.domain.usecase.GetHomeSectionsUseCaseTest" time="0.002"/>
  <system-out><![CDATA[]]></system-out>
  <system-err><![CDATA[]]></system-err>
</testsuite>
